
*** Running vivado
    with args -log AM_top.vds -m64 -product Vivado -mode batch -messageDb vivado.pb -notrace -source AM_top.tcl


ECHO is off.
ECHO is off.

****** Vivado v2023.2 (64-bit)
  **** SW Build 4029153 on Fri Oct 13 20:14:34 MDT 2023
  **** IP Build 4028589 on Sat Oct 14 00:45:43 MDT 2023
  **** SharedData Build 4025554 on Tue Oct 10 17:18:54 MDT 2023
    ** Copyright 1986-2022 Xilinx, Inc. All Rights Reserved.
    ** Copyright 2022-2023 Advanced Micro Devices, Inc. All Rights Reserved.

source AM_top.tcl -notrace
Command: read_checkpoint -auto_incremental -incremental {C:/Users/Di heng/Desktop/SCSE Y2S2/SC2103 Digital Systems Design/Lab/Lab3/Lab3.srcs/utils_1/imports/synth_1/AM_top.dcp}
INFO: [Vivado 12-5825] Read reference checkpoint from C:/Users/Di heng/Desktop/SCSE Y2S2/SC2103 Digital Systems Design/Lab/Lab3/Lab3.srcs/utils_1/imports/synth_1/AM_top.dcp for incremental synthesis
INFO: [Vivado 12-7989] Please ensure there are no constraint changes
Command: synth_design -top AM_top -part xc7k70tfbv676-1
Starting synth_design
Attempting to get a license for feature 'Synthesis' and/or device 'xc7k70t'
INFO: [Common 17-349] Got license for feature 'Synthesis' and/or device 'xc7k70t'
INFO: [Device 21-403] Loading part xc7k70tfbv676-1
INFO: [Designutils 20-5440] No compile time benefit to using incremental synthesis; A full resynthesis will be run
INFO: [Designutils 20-4379] Flow is switching to default flow due to incremental criteria not met. If you would like to alter this behaviour and have the flow terminate instead, please set the following parameter config_implementation {autoIncr.Synth.RejectBehavior Terminate}
INFO: [Synth 8-7079] Multithreading enabled for synth_design using a maximum of 2 processes.
INFO: [Synth 8-7078] Launching helper process for spawning children vivado processes
INFO: [Synth 8-7075] Helper process launched with PID 10888
---------------------------------------------------------------------------------
Starting RTL Elaboration : Time (s): cpu = 00:00:04 ; elapsed = 00:00:04 . Memory (MB): peak = 1310.375 ; gain = 441.359
---------------------------------------------------------------------------------
INFO: [Synth 8-11241] undeclared symbol 'Pa', assumed default net type 'wire' [C:/Users/Di heng/Desktop/SCSE Y2S2/SC2103 Digital Systems Design/Lab/Lab3/Lab3.srcs/sources_1/new/AM_top.v:33]
INFO: [Synth 8-11241] undeclared symbol 'a_r1', assumed default net type 'wire' [C:/Users/Di heng/Desktop/SCSE Y2S2/SC2103 Digital Systems Design/Lab/Lab3/Lab3.srcs/sources_1/new/AM_top.v:34]
INFO: [Synth 8-11241] undeclared symbol 'b_r1', assumed default net type 'wire' [C:/Users/Di heng/Desktop/SCSE Y2S2/SC2103 Digital Systems Design/Lab/Lab3/Lab3.srcs/sources_1/new/AM_top.v:34]
INFO: [Synth 8-11241] undeclared symbol 'pin', assumed default net type 'wire' [C:/Users/Di heng/Desktop/SCSE Y2S2/SC2103 Digital Systems Design/Lab/Lab3/Lab3.srcs/sources_1/new/AM_top.v:34]
INFO: [Synth 8-11241] undeclared symbol 'Pb', assumed default net type 'wire' [C:/Users/Di heng/Desktop/SCSE Y2S2/SC2103 Digital Systems Design/Lab/Lab3/Lab3.srcs/sources_1/new/AM_top.v:34]
INFO: [Synth 8-6157] synthesizing module 'AM_top' [C:/Users/Di heng/Desktop/SCSE Y2S2/SC2103 Digital Systems Design/Lab/Lab3/Lab3.srcs/sources_1/new/AM_top.v:21]
INFO: [Synth 8-6157] synthesizing module 'multA' [C:/Users/Di heng/Desktop/SCSE Y2S2/SC2103 Digital Systems Design/Lab/Lab3/Lab3.srcs/sources_1/new/multA.v:1]
INFO: [Synth 8-6155] done synthesizing module 'multA' (0#1) [C:/Users/Di heng/Desktop/SCSE Y2S2/SC2103 Digital Systems Design/Lab/Lab3/Lab3.srcs/sources_1/new/multA.v:1]
WARNING: [Synth 8-689] width (1) of port connection 'P' does not match port width (10) of module 'multA' [C:/Users/Di heng/Desktop/SCSE Y2S2/SC2103 Digital Systems Design/Lab/Lab3/Lab3.srcs/sources_1/new/AM_top.v:33]
INFO: [Synth 8-6157] synthesizing module 'multB' [C:/Users/Di heng/Desktop/SCSE Y2S2/SC2103 Digital Systems Design/Lab/Lab3/Lab3.srcs/sources_1/new/multB.v:1]
INFO: [Synth 8-6155] done synthesizing module 'multB' (0#1) [C:/Users/Di heng/Desktop/SCSE Y2S2/SC2103 Digital Systems Design/Lab/Lab3/Lab3.srcs/sources_1/new/multB.v:1]
WARNING: [Synth 8-689] width (1) of port connection 'P' does not match port width (12) of module 'multB' [C:/Users/Di heng/Desktop/SCSE Y2S2/SC2103 Digital Systems Design/Lab/Lab3/Lab3.srcs/sources_1/new/AM_top.v:34]
INFO: [Synth 8-6155] done synthesizing module 'AM_top' (0#1) [C:/Users/Di heng/Desktop/SCSE Y2S2/SC2103 Digital Systems Design/Lab/Lab3/Lab3.srcs/sources_1/new/AM_top.v:21]
WARNING: [Synth 8-3848] Net a_r1 in module/entity AM_top does not have driver. [C:/Users/Di heng/Desktop/SCSE Y2S2/SC2103 Digital Systems Design/Lab/Lab3/Lab3.srcs/sources_1/new/AM_top.v:34]
WARNING: [Synth 8-3848] Net b_r1 in module/entity AM_top does not have driver. [C:/Users/Di heng/Desktop/SCSE Y2S2/SC2103 Digital Systems Design/Lab/Lab3/Lab3.srcs/sources_1/new/AM_top.v:34]
WARNING: [Synth 8-3848] Net pin in module/entity AM_top does not have driver. [C:/Users/Di heng/Desktop/SCSE Y2S2/SC2103 Digital Systems Design/Lab/Lab3/Lab3.srcs/sources_1/new/AM_top.v:34]
WARNING: [Synth 8-7129] Port a[3] in module multB is either unconnected or has no load
WARNING: [Synth 8-7129] Port a[2] in module multB is either unconnected or has no load
WARNING: [Synth 8-7129] Port a[1] in module multB is either unconnected or has no load
WARNING: [Synth 8-7129] Port a[0] in module multB is either unconnected or has no load
WARNING: [Synth 8-7129] Port a[5] in module multA is either unconnected or has no load
WARNING: [Synth 8-7129] Port a[4] in module multA is either unconnected or has no load
---------------------------------------------------------------------------------
Finished RTL Elaboration : Time (s): cpu = 00:00:06 ; elapsed = 00:00:06 . Memory (MB): peak = 1417.027 ; gain = 548.012
---------------------------------------------------------------------------------
---------------------------------------------------------------------------------
Start Handling Custom Attributes
---------------------------------------------------------------------------------
---------------------------------------------------------------------------------
Finished Handling Custom Attributes : Time (s): cpu = 00:00:06 ; elapsed = 00:00:06 . Memory (MB): peak = 1417.027 ; gain = 548.012
---------------------------------------------------------------------------------
---------------------------------------------------------------------------------
Finished RTL Optimization Phase 1 : Time (s): cpu = 00:00:06 ; elapsed = 00:00:06 . Memory (MB): peak = 1417.027 ; gain = 548.012
---------------------------------------------------------------------------------
Netlist sorting complete. Time (s): cpu = 00:00:00 ; elapsed = 00:00:00.001 . Memory (MB): peak = 1417.027 ; gain = 0.000
INFO: [Project 1-570] Preparing netlist for logic optimization

Processing XDC Constraints
Initializing timing engine
Parsing XDC File [C:/Users/Di heng/Desktop/SCSE Y2S2/SC2103 Digital Systems Design/Lab/Lab3/Lab3.srcs/constrs_1/new/Lab3.xdc]
Finished Parsing XDC File [C:/Users/Di heng/Desktop/SCSE Y2S2/SC2103 Digital Systems Design/Lab/Lab3/Lab3.srcs/constrs_1/new/Lab3.xdc]
INFO: [Project 1-236] Implementation specific constraints were found while reading constraint file [C:/Users/Di heng/Desktop/SCSE Y2S2/SC2103 Digital Systems Design/Lab/Lab3/Lab3.srcs/constrs_1/new/Lab3.xdc]. These constraints will be ignored for synthesis but will be used in implementation. Impacted constraints are listed in the file [.Xil/AM_top_propImpl.xdc].
Resolution: To avoid this warning, move constraints listed in [.Xil/AM_top_propImpl.xdc] to another XDC file and exclude this new file from synthesis with the used_in_synthesis property (File Properties dialog in GUI) and re-run elaboration/synthesis.
Completed Processing XDC Constraints

Netlist sorting complete. Time (s): cpu = 00:00:00 ; elapsed = 00:00:00 . Memory (MB): peak = 1433.527 ; gain = 0.000
INFO: [Project 1-111] Unisim Transformation Summary:
No Unisim elements were transformed.

Access is denied.
Constraint Validation Runtime : Time (s): cpu = 00:00:00 ; elapsed = 00:00:00.001 . Memory (MB): peak = 1433.527 ; gain = 0.000
INFO: [Designutils 20-5440] No compile time benefit to using incremental synthesis; A full resynthesis will be run
INFO: [Designutils 20-4379] Flow is switching to default flow due to incremental criteria not met. If you would like to alter this behaviour and have the flow terminate instead, please set the following parameter config_implementation {autoIncr.Synth.RejectBehavior Terminate}
---------------------------------------------------------------------------------
Finished Constraint Validation : Time (s): cpu = 00:00:12 ; elapsed = 00:00:12 . Memory (MB): peak = 1433.527 ; gain = 564.512
---------------------------------------------------------------------------------
---------------------------------------------------------------------------------
Start Loading Part and Timing Information
---------------------------------------------------------------------------------
Loading part: xc7k70tfbv676-1
---------------------------------------------------------------------------------
Finished Loading Part and Timing Information : Time (s): cpu = 00:00:12 ; elapsed = 00:00:12 . Memory (MB): peak = 1433.527 ; gain = 564.512
---------------------------------------------------------------------------------
---------------------------------------------------------------------------------
Start Applying 'set_property' XDC Constraints
---------------------------------------------------------------------------------
---------------------------------------------------------------------------------
Finished applying 'set_property' XDC Constraints : Time (s): cpu = 00:00:12 ; elapsed = 00:00:12 . Memory (MB): peak = 1433.527 ; gain = 564.512
---------------------------------------------------------------------------------
---------------------------------------------------------------------------------
Finished RTL Optimization Phase 2 : Time (s): cpu = 00:00:12 ; elapsed = 00:00:12 . Memory (MB): peak = 1433.527 ; gain = 564.512
---------------------------------------------------------------------------------
---------------------------------------------------------------------------------
Start RTL Component Statistics 
---------------------------------------------------------------------------------
Detailed RTL Component Info : 
+---Adders : 
	   2 Input    7 Bit       Adders := 5     
+---Registers : 
	               12 Bit    Registers := 1     
	                6 Bit    Registers := 2     
---------------------------------------------------------------------------------
Finished RTL Component Statistics 
---------------------------------------------------------------------------------
---------------------------------------------------------------------------------
Start Part Resource Summary
---------------------------------------------------------------------------------
Part Resources:
DSPs: 240 (col length:80)
BRAMs: 270 (col length: RAMB18 80 RAMB36 40)
---------------------------------------------------------------------------------
Finished Part Resource Summary
---------------------------------------------------------------------------------
---------------------------------------------------------------------------------
Start Cross Boundary and Area Optimization
---------------------------------------------------------------------------------
WARNING: [Synth 8-7080] Parallel synthesis criteria is not met
---------------------------------------------------------------------------------
Finished Cross Boundary and Area Optimization : Time (s): cpu = 00:00:13 ; elapsed = 00:00:13 . Memory (MB): peak = 1433.527 ; gain = 564.512
---------------------------------------------------------------------------------
---------------------------------------------------------------------------------
Start Applying XDC Timing Constraints
---------------------------------------------------------------------------------
---------------------------------------------------------------------------------
Finished Applying XDC Timing Constraints : Time (s): cpu = 00:00:17 ; elapsed = 00:00:17 . Memory (MB): peak = 1433.527 ; gain = 564.512
---------------------------------------------------------------------------------
---------------------------------------------------------------------------------
Start Timing Optimization
---------------------------------------------------------------------------------
---------------------------------------------------------------------------------
Finished Timing Optimization : Time (s): cpu = 00:00:17 ; elapsed = 00:00:17 . Memory (MB): peak = 1433.527 ; gain = 564.512
---------------------------------------------------------------------------------
---------------------------------------------------------------------------------
Start Technology Mapping
---------------------------------------------------------------------------------
---------------------------------------------------------------------------------
Finished Technology Mapping : Time (s): cpu = 00:00:17 ; elapsed = 00:00:17 . Memory (MB): peak = 1433.527 ; gain = 564.512
---------------------------------------------------------------------------------
---------------------------------------------------------------------------------
Start IO Insertion
---------------------------------------------------------------------------------
---------------------------------------------------------------------------------
Start Flattening Before IO Insertion
---------------------------------------------------------------------------------
---------------------------------------------------------------------------------
Finished Flattening Before IO Insertion
---------------------------------------------------------------------------------
---------------------------------------------------------------------------------
Start Final Netlist Cleanup
---------------------------------------------------------------------------------
---------------------------------------------------------------------------------
Finished Final Netlist Cleanup
---------------------------------------------------------------------------------
---------------------------------------------------------------------------------
Finished IO Insertion : Time (s): cpu = 00:00:20 ; elapsed = 00:00:20 . Memory (MB): peak = 1433.527 ; gain = 564.512
---------------------------------------------------------------------------------
---------------------------------------------------------------------------------
Start Renaming Generated Instances
---------------------------------------------------------------------------------
---------------------------------------------------------------------------------
Finished Renaming Generated Instances : Time (s): cpu = 00:00:20 ; elapsed = 00:00:20 . Memory (MB): peak = 1433.527 ; gain = 564.512
---------------------------------------------------------------------------------
---------------------------------------------------------------------------------
Start Rebuilding User Hierarchy
---------------------------------------------------------------------------------
---------------------------------------------------------------------------------
Finished Rebuilding User Hierarchy : Time (s): cpu = 00:00:20 ; elapsed = 00:00:20 . Memory (MB): peak = 1433.527 ; gain = 564.512
---------------------------------------------------------------------------------
---------------------------------------------------------------------------------
Start Renaming Generated Ports
---------------------------------------------------------------------------------
---------------------------------------------------------------------------------
Finished Renaming Generated Ports : Time (s): cpu = 00:00:20 ; elapsed = 00:00:20 . Memory (MB): peak = 1433.527 ; gain = 564.512
---------------------------------------------------------------------------------
---------------------------------------------------------------------------------
Start Handling Custom Attributes
---------------------------------------------------------------------------------
---------------------------------------------------------------------------------
Finished Handling Custom Attributes : Time (s): cpu = 00:00:20 ; elapsed = 00:00:20 . Memory (MB): peak = 1433.527 ; gain = 564.512
---------------------------------------------------------------------------------
---------------------------------------------------------------------------------
Start Renaming Generated Nets
---------------------------------------------------------------------------------
---------------------------------------------------------------------------------
Finished Renaming Generated Nets : Time (s): cpu = 00:00:20 ; elapsed = 00:00:20 . Memory (MB): peak = 1433.527 ; gain = 564.512
---------------------------------------------------------------------------------
---------------------------------------------------------------------------------
Start Writing Synthesis Report
---------------------------------------------------------------------------------

Report BlackBoxes: 
+-+--------------+----------+
| |BlackBox name |Instances |
+-+--------------+----------+
+-+--------------+----------+

Report Cell Usage: 
+------+-----+------+
|      |Cell |Count |
+------+-----+------+
|1     |OBUF |    12|
+------+-----+------+
---------------------------------------------------------------------------------
Finished Writing Synthesis Report : Time (s): cpu = 00:00:20 ; elapsed = 00:00:20 . Memory (MB): peak = 1433.527 ; gain = 564.512
---------------------------------------------------------------------------------
Synthesis finished with 0 errors, 0 critical warnings and 1 warnings.
Synthesis Optimization Runtime : Time (s): cpu = 00:00:13 ; elapsed = 00:00:19 . Memory (MB): peak = 1433.527 ; gain = 548.012
Synthesis Optimization Complete : Time (s): cpu = 00:00:20 ; elapsed = 00:00:20 . Memory (MB): peak = 1433.527 ; gain = 564.512
INFO: [Project 1-571] Translating synthesized netlist
Netlist sorting complete. Time (s): cpu = 00:00:00 ; elapsed = 00:00:00 . Memory (MB): peak = 1433.527 ; gain = 0.000
INFO: [Project 1-570] Preparing netlist for logic optimization
INFO: [Opt 31-138] Pushed 0 inverter(s) to 0 load pin(s).
Netlist sorting complete. Time (s): cpu = 00:00:00 ; elapsed = 00:00:00 . Memory (MB): peak = 1436.578 ; gain = 0.000
INFO: [Project 1-111] Unisim Transformation Summary:
No Unisim elements were transformed.

Access is denied.
Synth Design complete | Checksum: 8ed4149f
INFO: [Common 17-83] Releasing license: Synthesis
30 Infos, 12 Warnings, 0 Critical Warnings and 0 Errors encountered.
synth_design completed successfully
synth_design: Time (s): cpu = 00:00:23 ; elapsed = 00:00:24 . Memory (MB): peak = 1436.578 ; gain = 957.836
Write ShapeDB Complete: Time (s): cpu = 00:00:00 ; elapsed = 00:00:00.001 . Memory (MB): peak = 1436.578 ; gain = 0.000
INFO: [Common 17-1381] The checkpoint 'C:/Users/Di heng/Desktop/SCSE Y2S2/SC2103 Digital Systems Design/Lab/Lab3/Lab3.runs/synth_1/AM_top.dcp' has been generated.
INFO: [runtcl-4] Executing : report_utilization -file AM_top_utilization_synth.rpt -pb AM_top_utilization_synth.pb
INFO: [Common 17-206] Exiting Vivado at Thu Mar 14 22:51:24 2024...
